TN:
SF:src/Basics/Album.ts
FN:9,(anonymous_0)
FN:16,(anonymous_1)
FN:19,(anonymous_2)
FN:22,(anonymous_3)
FN:25,(anonymous_4)
FN:29,(anonymous_5)
FN:32,(anonymous_6)
FN:35,(anonymous_7)
FN:38,(anonymous_8)
FN:42,(anonymous_9)
FN:43,(anonymous_10)
FN:47,(anonymous_11)
FN:48,(anonymous_12)
FN:53,(anonymous_13)
FN:59,(anonymous_14)
FN:60,(anonymous_15)
FN:62,(anonymous_16)
FN:64,(anonymous_17)
FN:70,(anonymous_18)
FN:76,(anonymous_19)
FN:83,(anonymous_20)
FN:85,(anonymous_21)
FNF:22
FNH:19
FNDA:24,(anonymous_0)
FNDA:86,(anonymous_1)
FNDA:1,(anonymous_2)
FNDA:102,(anonymous_3)
FNDA:120,(anonymous_4)
FNDA:1,(anonymous_5)
FNDA:1,(anonymous_6)
FNDA:1,(anonymous_7)
FNDA:0,(anonymous_8)
FNDA:6,(anonymous_9)
FNDA:10,(anonymous_10)
FNDA:1,(anonymous_11)
FNDA:1,(anonymous_12)
FNDA:42,(anonymous_13)
FNDA:5,(anonymous_14)
FNDA:6,(anonymous_15)
FNDA:15,(anonymous_16)
FNDA:50,(anonymous_17)
FNDA:1,(anonymous_18)
FNDA:1,(anonymous_19)
FNDA:0,(anonymous_20)
FNDA:0,(anonymous_21)
DA:2,1
DA:4,1
DA:8,1
DA:9,24
DA:10,24
DA:11,24
DA:12,24
DA:17,86
DA:20,1
DA:23,102
DA:26,120
DA:30,1
DA:33,1
DA:36,1
DA:39,0
DA:43,10
DA:44,6
DA:48,1
DA:49,1
DA:54,42
DA:55,42
DA:56,7
DA:60,6
DA:63,15
DA:64,15
DA:65,50
DA:67,15
DA:71,1
DA:77,1
DA:79,1
DA:80,1
DA:84,0
DA:85,0
DA:86,0
DA:88,0
LF:35
LH:30
BRDA:43,0,0,6
BRDA:43,0,1,0
BRDA:48,1,0,1
BRDA:48,1,1,0
BRDA:55,2,0,7
BRDA:55,2,1,35
BRF:6
BRH:4
end_of_record
TN:
SF:src/Basics/Artist.ts
FN:13,(anonymous_0)
FN:35,(anonymous_1)
FN:38,(anonymous_2)
FN:41,(anonymous_3)
FN:48,(anonymous_4)
FN:51,(anonymous_5)
FN:54,(anonymous_6)
FN:57,(anonymous_7)
FN:64,(anonymous_8)
FN:67,(anonymous_9)
FN:70,(anonymous_10)
FN:73,(anonymous_11)
FN:76,(anonymous_12)
FN:80,(anonymous_13)
FN:82,(anonymous_14)
FN:85,(anonymous_15)
FN:89,(anonymous_16)
FN:90,(anonymous_17)
FN:94,(anonymous_18)
FN:95,(anonymous_19)
FN:99,(anonymous_20)
FN:100,(anonymous_21)
FN:105,(anonymous_22)
FN:111,(anonymous_23)
FN:117,(anonymous_24)
FN:118,(anonymous_25)
FN:120,(anonymous_26)
FN:121,(anonymous_27)
FN:124,(anonymous_28)
FN:131,(anonymous_29)
FN:135,(anonymous_30)
FN:141,(anonymous_31)
FN:142,(anonymous_32)
FN:151,(anonymous_33)
FN:152,(anonymous_34)
FN:163,(anonymous_35)
FN:164,(anonymous_36)
FN:167,(anonymous_37)
FN:177,(anonymous_38)
FN:178,(anonymous_39)
FN:179,(anonymous_40)
FN:185,(anonymous_41)
FN:186,(anonymous_42)
FN:189,(anonymous_43)
FN:199,(anonymous_44)
FN:201,(anonymous_45)
FN:202,(anonymous_46)
FNF:47
FNH:28
FNDA:19,(anonymous_0)
FNDA:10,(anonymous_1)
FNDA:35,(anonymous_2)
FNDA:10,(anonymous_3)
FNDA:55,(anonymous_4)
FNDA:142,(anonymous_5)
FNDA:105,(anonymous_6)
FNDA:92,(anonymous_7)
FNDA:1,(anonymous_8)
FNDA:3,(anonymous_9)
FNDA:1,(anonymous_10)
FNDA:1,(anonymous_11)
FNDA:1,(anonymous_12)
FNDA:3,(anonymous_13)
FNDA:2,(anonymous_14)
FNDA:2,(anonymous_15)
FNDA:5,(anonymous_16)
FNDA:7,(anonymous_17)
FNDA:5,(anonymous_18)
FNDA:5,(anonymous_19)
FNDA:1,(anonymous_20)
FNDA:1,(anonymous_21)
FNDA:1,(anonymous_22)
FNDA:34,(anonymous_23)
FNDA:3,(anonymous_24)
FNDA:4,(anonymous_25)
FNDA:5,(anonymous_26)
FNDA:10,(anonymous_27)
FNDA:0,(anonymous_28)
FNDA:0,(anonymous_29)
FNDA:0,(anonymous_30)
FNDA:0,(anonymous_31)
FNDA:0,(anonymous_32)
FNDA:0,(anonymous_33)
FNDA:0,(anonymous_34)
FNDA:0,(anonymous_35)
FNDA:0,(anonymous_36)
FNDA:0,(anonymous_37)
FNDA:0,(anonymous_38)
FNDA:0,(anonymous_39)
FNDA:0,(anonymous_40)
FNDA:0,(anonymous_41)
FNDA:0,(anonymous_42)
FNDA:0,(anonymous_43)
FNDA:0,(anonymous_44)
FNDA:0,(anonymous_45)
FNDA:0,(anonymous_46)
DA:3,1
DA:5,1
DA:6,1
DA:8,1
DA:11,1
DA:13,19
DA:14,19
DA:15,19
DA:36,10
DA:37,10
DA:38,10
DA:39,35
DA:41,10
DA:42,10
DA:44,10
DA:49,55
DA:52,142
DA:55,105
DA:58,92
DA:65,1
DA:68,3
DA:71,1
DA:74,1
DA:77,1
DA:81,3
DA:82,3
DA:83,0
DA:84,0
DA:85,3
DA:86,1
DA:90,7
DA:91,5
DA:95,5
DA:96,5
DA:100,1
DA:101,1
DA:106,1
DA:107,1
DA:108,1
DA:112,34
DA:113,34
DA:114,6
DA:118,4
DA:121,10
DA:125,0
DA:132,0
DA:136,0
DA:138,0
DA:142,0
DA:143,0
DA:144,0
DA:145,0
DA:147,0
DA:152,0
DA:153,0
DA:155,0
DA:156,0
DA:157,0
DA:159,0
DA:164,0
DA:165,0
DA:167,0
DA:168,0
DA:170,0
DA:171,0
DA:173,0
DA:178,0
DA:179,0
DA:180,0
DA:182,0
DA:186,0
DA:187,0
DA:189,0
DA:190,0
DA:192,0
DA:193,0
DA:195,0
DA:200,0
DA:201,0
DA:202,0
DA:203,0
DA:205,0
LF:82
LH:42
BRDA:82,0,0,0
BRDA:82,0,1,3
BRDA:85,1,0,1
BRDA:85,1,1,2
BRDA:90,2,0,5
BRDA:90,2,1,0
BRDA:95,3,0,5
BRDA:95,3,1,0
BRDA:100,4,0,1
BRDA:100,4,1,0
BRDA:107,5,0,1
BRDA:107,5,1,0
BRDA:113,6,0,6
BRDA:113,6,1,28
BRDA:141,7,0,0
BRDA:144,8,0,0
BRDA:144,8,1,0
BRDA:151,9,0,0
BRDA:156,10,0,0
BRDA:156,10,1,0
BRDA:163,11,0,0
BRDA:170,12,0,0
BRDA:170,12,1,0
BRDA:185,13,0,0
BRDA:192,14,0,0
BRDA:192,14,1,0
BRF:26
BRH:9
end_of_record
TN:
SF:src/Basics/BasicData.ts
FN:9,(anonymous_0)
FN:15,(anonymous_1)
FN:23,(anonymous_2)
FNF:3
FNH:3
FNDA:132,(anonymous_0)
FNDA:7871,(anonymous_1)
FNDA:6,(anonymous_2)
DA:4,1
DA:9,132
DA:16,7871
DA:24,6
LF:4
LH:4
BRF:0
BRH:0
end_of_record
TN:
SF:src/Basics/Genre.ts
FN:23,(anonymous_0)
FN:31,(anonymous_1)
FN:38,(anonymous_2)
FN:45,(anonymous_3)
FN:46,(anonymous_4)
FN:54,(anonymous_5)
FN:64,(anonymous_6)
FN:71,(anonymous_7)
FN:78,(anonymous_8)
FN:79,(anonymous_9)
FN:87,(anonymous_10)
FN:97,(anonymous_11)
FN:104,(anonymous_12)
FN:111,(anonymous_13)
FN:112,(anonymous_14)
FN:121,(anonymous_15)
FN:131,(anonymous_16)
FN:146,(anonymous_17)
FN:148,(anonymous_18)
FN:157,(anonymous_19)
FN:159,(anonymous_20)
FN:168,(anonymous_21)
FN:170,(anonymous_22)
FN:181,(anonymous_23)
FN:185,(anonymous_24)
FN:188,(anonymous_25)
FN:191,(anonymous_26)
FNF:27
FNH:27
FNDA:16,(anonymous_0)
FNDA:206,(anonymous_1)
FNDA:3,(anonymous_2)
FNDA:8,(anonymous_3)
FNDA:13,(anonymous_4)
FNDA:4,(anonymous_5)
FNDA:189,(anonymous_6)
FNDA:3,(anonymous_7)
FNDA:6,(anonymous_8)
FNDA:7,(anonymous_9)
FNDA:5,(anonymous_10)
FNDA:668,(anonymous_11)
FNDA:3,(anonymous_12)
FNDA:8,(anonymous_13)
FNDA:11,(anonymous_14)
FNDA:7,(anonymous_15)
FNDA:1,(anonymous_16)
FNDA:1,(anonymous_17)
FNDA:1,(anonymous_18)
FNDA:1,(anonymous_19)
FNDA:1,(anonymous_20)
FNDA:1,(anonymous_21)
FNDA:1,(anonymous_22)
FNDA:10,(anonymous_23)
FNDA:50,(anonymous_24)
FNDA:15,(anonymous_25)
FNDA:15,(anonymous_26)
DA:1,1
DA:3,1
DA:8,1
DA:9,1
DA:10,1
DA:15,1
DA:23,16
DA:24,16
DA:25,16
DA:32,206
DA:39,3
DA:46,13
DA:47,5
DA:55,4
DA:56,4
DA:57,3
DA:65,189
DA:72,3
DA:79,7
DA:80,4
DA:88,5
DA:89,5
DA:90,3
DA:98,668
DA:105,3
DA:112,11
DA:113,6
DA:122,7
DA:123,7
DA:124,6
DA:132,1
DA:139,1
DA:140,1
DA:147,1
DA:148,1
DA:149,1
DA:151,1
DA:158,1
DA:159,1
DA:160,1
DA:162,1
DA:169,1
DA:170,1
DA:171,1
DA:173,1
DA:182,10
DA:183,10
DA:184,10
DA:185,10
DA:186,50
DA:188,10
DA:189,15
DA:191,10
DA:192,15
DA:193,10
DA:195,5
DA:198,10
LF:57
LH:57
BRDA:46,0,0,5
BRDA:46,0,1,3
BRDA:56,1,0,3
BRDA:56,1,1,1
BRDA:79,2,0,4
BRDA:79,2,1,2
BRDA:89,3,0,3
BRDA:89,3,1,2
BRDA:112,4,0,6
BRDA:112,4,1,2
BRDA:123,5,0,6
BRDA:123,5,1,1
BRDA:192,6,0,10
BRDA:192,6,1,5
BRF:14
BRH:14
end_of_record
TN:
SF:src/Basics/Group.ts
FN:14,(anonymous_0)
FN:25,(anonymous_1)
FN:32,(anonymous_2)
FN:35,(anonymous_3)
FN:36,(anonymous_4)
FN:40,(anonymous_5)
FN:41,(anonymous_6)
FN:43,(anonymous_7)
FN:45,(anonymous_8)
FN:47,(anonymous_9)
FN:50,(anonymous_10)
FN:56,(anonymous_11)
FN:57,(anonymous_12)
FN:61,(anonymous_13)
FN:64,(anonymous_14)
FN:65,(anonymous_15)
FN:69,(anonymous_16)
FN:70,(anonymous_17)
FN:73,(anonymous_18)
FN:76,(anonymous_19)
FN:79,(anonymous_20)
FN:82,(anonymous_21)
FN:95,(anonymous_22)
FN:98,(anonymous_23)
FN:101,(anonymous_24)
FN:104,(anonymous_25)
FN:109,(anonymous_26)
FN:111,(anonymous_27)
FN:112,(anonymous_28)
FN:115,(anonymous_29)
FN:117,(anonymous_30)
FN:119,(anonymous_31)
FN:122,(anonymous_32)
FN:124,(anonymous_33)
FN:125,(anonymous_34)
FN:131,(anonymous_35)
FN:132,(anonymous_36)
FN:143,(anonymous_37)
FN:144,(anonymous_38)
FN:155,(anonymous_39)
FN:156,(anonymous_40)
FN:159,(anonymous_41)
FN:169,(anonymous_42)
FN:172,(anonymous_43)
FN:178,(anonymous_44)
FNF:45
FNH:24
FNDA:9,(anonymous_0)
FNDA:2,(anonymous_1)
FNDA:8,(anonymous_2)
FNDA:4,(anonymous_3)
FNDA:4,(anonymous_4)
FNDA:2,(anonymous_5)
FNDA:4,(anonymous_6)
FNDA:0,(anonymous_7)
FNDA:0,(anonymous_8)
FNDA:26,(anonymous_9)
FNDA:19,(anonymous_10)
FNDA:6,(anonymous_11)
FNDA:11,(anonymous_12)
FNDA:53,(anonymous_13)
FNDA:5,(anonymous_14)
FNDA:5,(anonymous_15)
FNDA:4,(anonymous_16)
FNDA:7,(anonymous_17)
FNDA:1,(anonymous_18)
FNDA:1,(anonymous_19)
FNDA:1,(anonymous_20)
FNDA:1,(anonymous_21)
FNDA:1,(anonymous_22)
FNDA:5,(anonymous_23)
FNDA:5,(anonymous_24)
FNDA:5,(anonymous_25)
FNDA:0,(anonymous_26)
FNDA:0,(anonymous_27)
FNDA:0,(anonymous_28)
FNDA:0,(anonymous_29)
FNDA:0,(anonymous_30)
FNDA:0,(anonymous_31)
FNDA:0,(anonymous_32)
FNDA:0,(anonymous_33)
FNDA:0,(anonymous_34)
FNDA:0,(anonymous_35)
FNDA:0,(anonymous_36)
FNDA:0,(anonymous_37)
FNDA:0,(anonymous_38)
FNDA:0,(anonymous_39)
FNDA:0,(anonymous_40)
FNDA:0,(anonymous_41)
FNDA:0,(anonymous_42)
FNDA:0,(anonymous_43)
FNDA:0,(anonymous_44)
DA:1,1
DA:3,1
DA:4,1
DA:9,1
DA:12,1
DA:14,9
DA:15,9
DA:16,9
DA:17,9
DA:26,2
DA:33,8
DA:36,4
DA:37,2
DA:41,4
DA:44,0
DA:45,0
DA:48,26
DA:51,19
DA:52,19
DA:53,8
DA:57,11
DA:58,6
DA:62,53
DA:65,5
DA:66,3
DA:70,7
DA:74,1
DA:77,1
DA:80,1
DA:83,1
DA:96,1
DA:99,5
DA:100,5
DA:101,5
DA:102,5
DA:104,5
DA:105,5
DA:107,5
DA:110,0
DA:111,0
DA:112,0
DA:116,0
DA:117,0
DA:118,0
DA:119,0
DA:123,0
DA:124,0
DA:125,0
DA:126,0
DA:128,0
DA:132,0
DA:133,0
DA:135,0
DA:136,0
DA:137,0
DA:139,0
DA:144,0
DA:145,0
DA:147,0
DA:148,0
DA:149,0
DA:151,0
DA:156,0
DA:157,0
DA:159,0
DA:160,0
DA:162,0
DA:163,0
DA:165,0
DA:170,0
DA:173,0
DA:179,0
DA:181,0
LF:73
LH:36
BRDA:36,0,0,2
BRDA:36,0,1,2
BRDA:52,1,0,8
BRDA:52,1,1,11
BRDA:57,2,0,6
BRDA:57,2,1,0
BRDA:65,3,0,3
BRDA:65,3,1,2
BRDA:115,4,0,0
BRDA:118,5,0,0
BRDA:118,5,1,0
BRDA:131,6,0,0
BRDA:136,7,0,0
BRDA:136,7,1,0
BRDA:143,8,0,0
BRDA:148,9,0,0
BRDA:148,9,1,0
BRDA:155,10,0,0
BRDA:162,11,0,0
BRDA:162,11,1,0
BRF:20
BRH:7
end_of_record
TN:
SF:src/Basics/Playlist.ts
FN:34,(anonymous_0)
FN:46,(anonymous_1)
FN:53,(anonymous_2)
FN:62,(anonymous_3)
FN:63,(anonymous_4)
FN:73,(anonymous_5)
FN:83,(anonymous_6)
FN:90,(anonymous_7)
FN:97,(anonymous_8)
FN:104,(anonymous_9)
FN:110,(anonymous_10)
FN:113,(anonymous_11)
FN:123,(anonymous_12)
FN:125,(anonymous_13)
FN:126,(anonymous_14)
FN:127,(anonymous_15)
FN:139,(anonymous_16)
FN:142,(anonymous_17)
FN:151,(anonymous_18)
FN:160,(anonymous_19)
FN:171,(anonymous_20)
FN:182,(anonymous_21)
FN:193,(anonymous_22)
FN:204,(anonymous_23)
FN:215,(anonymous_24)
FN:226,(anonymous_25)
FN:237,(anonymous_26)
FN:248,(anonymous_27)
FN:259,(anonymous_28)
FN:271,(anonymous_29)
FN:280,(anonymous_30)
FN:296,(anonymous_31)
FN:297,(anonymous_32)
FN:306,(anonymous_33)
FN:308,(anonymous_34)
FN:318,(anonymous_35)
FN:320,(anonymous_36)
FNF:37
FNH:37
FNDA:5,(anonymous_0)
FNDA:65,(anonymous_1)
FNDA:1,(anonymous_2)
FNDA:14,(anonymous_3)
FNDA:40,(anonymous_4)
FNDA:10,(anonymous_5)
FNDA:1,(anonymous_6)
FNDA:1,(anonymous_7)
FNDA:2,(anonymous_8)
FNDA:1,(anonymous_9)
FNDA:77,(anonymous_10)
FNDA:136,(anonymous_11)
FNDA:77,(anonymous_12)
FNDA:136,(anonymous_13)
FNDA:184,(anonymous_14)
FNDA:167,(anonymous_15)
FNDA:14,(anonymous_16)
FNDA:5,(anonymous_17)
FNDA:5,(anonymous_18)
FNDA:7,(anonymous_19)
FNDA:6,(anonymous_20)
FNDA:6,(anonymous_21)
FNDA:6,(anonymous_22)
FNDA:6,(anonymous_23)
FNDA:6,(anonymous_24)
FNDA:5,(anonymous_25)
FNDA:6,(anonymous_26)
FNDA:5,(anonymous_27)
FNDA:5,(anonymous_28)
FNDA:54,(anonymous_29)
FNDA:13,(anonymous_30)
FNDA:1,(anonymous_31)
FNDA:1,(anonymous_32)
FNDA:13,(anonymous_33)
FNDA:25,(anonymous_34)
FNDA:2,(anonymous_35)
FNDA:2,(anonymous_36)
DA:1,1
DA:3,1
DA:4,1
DA:19,1
DA:34,5
DA:35,5
DA:36,5
DA:37,5
DA:38,5
DA:39,5
DA:40,5
DA:47,65
DA:54,1
DA:55,1
DA:56,1
DA:63,40
DA:64,13
DA:66,14
DA:67,14
DA:74,10
DA:75,10
DA:76,10
DA:77,10
DA:84,1
DA:91,1
DA:98,2
DA:105,1
DA:111,77
DA:112,77
DA:113,77
DA:114,136
DA:115,136
DA:117,77
DA:124,77
DA:125,77
DA:126,136
DA:127,184
DA:128,146
DA:140,14
DA:142,3
DA:143,5
DA:144,3
DA:146,2
DA:149,3
DA:151,1
DA:152,5
DA:153,2
DA:155,3
DA:158,1
DA:160,1
DA:161,7
DA:162,4
DA:164,3
DA:165,2
DA:167,1
DA:169,1
DA:171,1
DA:172,6
DA:173,4
DA:175,2
DA:176,1
DA:178,1
DA:180,1
DA:182,1
DA:183,6
DA:184,2
DA:186,4
DA:187,3
DA:189,1
DA:191,1
DA:193,1
DA:194,6
DA:195,4
DA:197,2
DA:198,1
DA:200,1
DA:202,1
DA:204,1
DA:205,6
DA:206,2
DA:208,4
DA:209,3
DA:211,1
DA:213,1
DA:215,1
DA:216,6
DA:217,3
DA:219,3
DA:220,1
DA:222,2
DA:224,1
DA:226,1
DA:227,5
DA:228,2
DA:230,3
DA:231,1
DA:233,2
DA:235,1
DA:237,1
DA:238,6
DA:239,2
DA:241,4
DA:242,1
DA:244,3
DA:246,1
DA:248,1
DA:249,5
DA:250,3
DA:252,2
DA:253,1
DA:255,1
DA:257,1
DA:259,1
DA:260,5
DA:261,3
DA:263,2
DA:264,1
DA:266,1
DA:268,1
DA:270,14
DA:271,14
DA:272,54
DA:274,14
DA:281,13
DA:287,13
DA:288,13
DA:297,1
DA:298,1
DA:307,13
DA:308,13
DA:309,25
DA:311,13
DA:319,2
DA:320,2
DA:321,2
DA:323,2
LF:136
LH:136
BRDA:35,0,0,3
BRDA:63,1,0,13
BRDA:63,1,1,1
BRDA:127,2,0,146
BRDA:127,2,1,38
BRDA:127,3,0,184
BRDA:127,3,1,109
BRDA:139,4,0,1
BRDA:140,5,0,3
BRDA:140,5,1,1
BRDA:140,5,2,1
BRDA:140,5,3,1
BRDA:140,5,4,1
BRDA:140,5,5,1
BRDA:140,5,6,1
BRDA:140,5,7,1
BRDA:140,5,8,1
BRDA:140,5,9,1
BRDA:140,5,10,1
BRDA:140,5,11,1
BRDA:143,6,0,3
BRDA:143,6,1,2
BRDA:152,7,0,2
BRDA:152,7,1,3
BRDA:161,8,0,4
BRDA:161,8,1,3
BRDA:164,9,0,2
BRDA:164,9,1,1
BRDA:172,10,0,4
BRDA:172,10,1,2
BRDA:175,11,0,1
BRDA:175,11,1,1
BRDA:183,12,0,2
BRDA:183,12,1,4
BRDA:186,13,0,3
BRDA:186,13,1,1
BRDA:194,14,0,4
BRDA:194,14,1,2
BRDA:197,15,0,1
BRDA:197,15,1,1
BRDA:205,16,0,2
BRDA:205,16,1,4
BRDA:208,17,0,3
BRDA:208,17,1,1
BRDA:216,18,0,3
BRDA:216,18,1,3
BRDA:219,19,0,1
BRDA:219,19,1,2
BRDA:227,20,0,2
BRDA:227,20,1,3
BRDA:230,21,0,1
BRDA:230,21,1,2
BRDA:238,22,0,2
BRDA:238,22,1,4
BRDA:241,23,0,1
BRDA:241,23,1,3
BRDA:249,24,0,3
BRDA:249,24,1,2
BRDA:252,25,0,1
BRDA:252,25,1,1
BRDA:260,26,0,3
BRDA:260,26,1,2
BRDA:263,27,0,1
BRDA:263,27,1,1
BRDA:280,28,0,1
BRDA:283,29,0,12
BRDA:283,29,1,1
BRF:67
BRH:67
end_of_record
TN:
SF:src/Basics/Song.ts
FN:11,(anonymous_0)
FN:19,(anonymous_1)
FN:23,(anonymous_2)
FN:26,(anonymous_3)
FN:33,(anonymous_4)
FN:40,(anonymous_5)
FN:47,(anonymous_6)
FN:50,(anonymous_7)
FN:57,(anonymous_8)
FN:64,(anonymous_9)
FN:68,(anonymous_10)
FN:76,(anonymous_11)
FN:80,(anonymous_12)
FN:84,(anonymous_13)
FN:90,(anonymous_14)
FN:91,(anonymous_15)
FN:100,(anonymous_16)
FNF:17
FNH:17
FNDA:59,(anonymous_0)
FNDA:350,(anonymous_1)
FNDA:38,(anonymous_2)
FNDA:2,(anonymous_3)
FNDA:1,(anonymous_4)
FNDA:1,(anonymous_5)
FNDA:49,(anonymous_6)
FNDA:1,(anonymous_7)
FNDA:30,(anonymous_8)
FNDA:1,(anonymous_9)
FNDA:367,(anonymous_10)
FNDA:1,(anonymous_11)
FNDA:1,(anonymous_12)
FNDA:117,(anonymous_13)
FNDA:5,(anonymous_14)
FNDA:9,(anonymous_15)
FNDA:1,(anonymous_16)
DA:1,1
DA:10,1
DA:11,59
DA:12,59
DA:13,59
DA:14,59
DA:15,59
DA:20,350
DA:24,38
DA:27,2
DA:34,1
DA:41,1
DA:48,49
DA:51,1
DA:58,30
DA:65,1
DA:69,367
DA:77,1
DA:81,1
DA:85,117
DA:86,117
DA:87,8
DA:91,9
DA:92,5
DA:101,1
DA:107,1
DA:108,1
LF:27
LH:27
BRDA:86,0,0,8
BRDA:86,0,1,109
BRDA:91,1,0,5
BRDA:91,1,1,0
BRDA:105,2,0,1
BRDA:105,2,1,0
BRF:6
BRH:4
end_of_record
TN:
SF:src/Managers/AlbumManager.ts
FN:19,(anonymous_0)
FN:24,(anonymous_1)
FN:28,(anonymous_2)
FN:35,(anonymous_3)
FN:39,(anonymous_4)
FN:40,(anonymous_5)
FN:47,(anonymous_6)
FN:48,(anonymous_7)
FN:58,(anonymous_8)
FN:59,(anonymous_9)
FN:69,(anonymous_10)
FN:85,(anonymous_11)
FN:88,(anonymous_12)
FN:96,(anonymous_13)
FN:104,(anonymous_14)
FN:105,(anonymous_15)
FN:114,(anonymous_16)
FN:125,(anonymous_17)
FN:127,(anonymous_18)
FN:128,(anonymous_19)
FN:139,(anonymous_20)
FN:152,(anonymous_21)
FN:165,(anonymous_22)
FN:166,(anonymous_23)
FN:183,(anonymous_24)
FN:184,(anonymous_25)
FN:190,(anonymous_26)
FNF:27
FNH:17
FNDA:1,(anonymous_0)
FNDA:15,(anonymous_1)
FNDA:62,(anonymous_2)
FNDA:7,(anonymous_3)
FNDA:3,(anonymous_4)
FNDA:3,(anonymous_5)
FNDA:95,(anonymous_6)
FNDA:2,(anonymous_7)
FNDA:44,(anonymous_8)
FNDA:3,(anonymous_9)
FNDA:3,(anonymous_10)
FNDA:4,(anonymous_11)
FNDA:56,(anonymous_12)
FNDA:26,(anonymous_13)
FNDA:52,(anonymous_14)
FNDA:52,(anonymous_15)
FNDA:0,(anonymous_16)
FNDA:0,(anonymous_17)
FNDA:0,(anonymous_18)
FNDA:0,(anonymous_19)
FNDA:0,(anonymous_20)
FNDA:0,(anonymous_21)
FNDA:0,(anonymous_22)
FNDA:0,(anonymous_23)
FNDA:0,(anonymous_24)
FNDA:0,(anonymous_25)
FNDA:35,(anonymous_26)
DA:1,1
DA:2,1
DA:3,1
DA:4,1
DA:7,1
DA:8,1
DA:9,1
DA:10,1
DA:11,1
DA:16,1
DA:20,1
DA:21,1
DA:22,1
DA:23,1
DA:24,15
DA:29,62
DA:30,1
DA:32,62
DA:37,7
DA:38,7
DA:39,7
DA:40,7
DA:41,3
DA:42,3
DA:45,7
DA:46,7
DA:47,95
DA:48,7
DA:49,2
DA:50,2
DA:51,2
DA:54,7
DA:56,7
DA:57,7
DA:58,44
DA:59,7
DA:60,3
DA:61,3
DA:62,1
DA:65,7
DA:67,7
DA:68,7
DA:69,7
DA:70,3
DA:71,3
DA:72,3
DA:73,3
DA:74,0
DA:76,3
DA:81,7
DA:82,7
DA:87,4
DA:88,4
DA:89,56
DA:90,0
DA:93,4
DA:95,4
DA:96,4
DA:97,26
DA:98,4
DA:101,4
DA:103,4
DA:104,4
DA:105,52
DA:106,4
DA:109,4
DA:110,4
DA:111,4
DA:115,0
DA:116,0
DA:117,0
DA:118,0
DA:119,0
DA:120,0
DA:121,0
DA:123,0
DA:125,0
DA:126,0
DA:127,0
DA:128,0
DA:129,0
DA:132,0
DA:133,0
DA:136,0
DA:138,0
DA:139,0
DA:140,0
DA:141,0
DA:143,0
DA:144,0
DA:145,0
DA:149,0
DA:151,0
DA:152,0
DA:153,0
DA:154,0
DA:156,0
DA:157,0
DA:158,0
DA:162,0
DA:164,0
DA:165,0
DA:166,0
DA:167,0
DA:169,0
DA:170,0
DA:171,0
DA:175,0
DA:177,0
DA:178,0
DA:179,0
DA:180,0
DA:184,0
DA:185,0
DA:187,0
DA:191,35
LF:116
LH:67
BRDA:22,0,0,1
BRDA:22,0,1,0
BRDA:29,1,0,1
BRDA:29,1,1,61
BRDA:50,2,0,2
BRDA:50,2,1,0
BRDA:61,3,0,1
BRDA:61,3,1,2
BRDA:70,4,0,3
BRDA:70,4,1,0
BRDA:73,5,0,0
BRDA:73,5,1,3
BRDA:89,6,0,0
BRDA:89,6,1,56
BRDA:97,7,0,4
BRDA:97,7,1,22
BRDA:105,8,0,4
BRDA:105,8,1,48
BRDA:128,9,0,0
BRDA:128,9,1,0
BRDA:132,10,0,0
BRDA:132,10,1,0
BRDA:140,11,0,0
BRDA:140,11,1,0
BRDA:144,12,0,0
BRDA:144,12,1,0
BRDA:153,13,0,0
BRDA:153,13,1,0
BRDA:157,14,0,0
BRDA:157,14,1,0
BRDA:166,15,0,0
BRDA:166,15,1,0
BRDA:170,16,0,0
BRDA:170,16,1,0
BRF:34
BRH:13
end_of_record
TN:
SF:src/Managers/ArtistManager.ts
FN:20,(anonymous_0)
FN:25,(anonymous_1)
FN:29,(anonymous_2)
FN:43,(anonymous_3)
FN:48,(anonymous_4)
FN:51,(anonymous_5)
FN:59,(anonymous_6)
FN:67,(anonymous_7)
FN:68,(anonymous_8)
FN:79,(anonymous_9)
FN:80,(anonymous_10)
FN:96,(anonymous_11)
FN:106,(anonymous_12)
FN:107,(anonymous_13)
FN:114,(anonymous_14)
FN:115,(anonymous_15)
FN:122,(anonymous_16)
FN:123,(anonymous_17)
FN:135,(anonymous_18)
FN:136,(anonymous_19)
FN:151,(anonymous_20)
FN:154,(anonymous_21)
FN:155,(anonymous_22)
FN:162,(anonymous_23)
FN:163,(anonymous_24)
FNF:25
FNH:16
FNDA:1,(anonymous_0)
FNDA:10,(anonymous_1)
FNDA:65,(anonymous_2)
FNDA:56,(anonymous_3)
FNDA:4,(anonymous_4)
FNDA:2,(anonymous_5)
FNDA:4,(anonymous_6)
FNDA:25,(anonymous_7)
FNDA:25,(anonymous_8)
FNDA:55,(anonymous_9)
FNDA:27,(anonymous_10)
FNDA:0,(anonymous_11)
FNDA:0,(anonymous_12)
FNDA:0,(anonymous_13)
FNDA:0,(anonymous_14)
FNDA:0,(anonymous_15)
FNDA:0,(anonymous_16)
FNDA:0,(anonymous_17)
FNDA:0,(anonymous_18)
FNDA:0,(anonymous_19)
FNDA:4,(anonymous_20)
FNDA:26,(anonymous_21)
FNDA:26,(anonymous_22)
FNDA:52,(anonymous_23)
FNDA:52,(anonymous_24)
DA:1,1
DA:2,1
DA:3,1
DA:4,1
DA:6,1
DA:7,1
DA:8,1
DA:10,1
DA:12,1
DA:17,1
DA:21,1
DA:22,1
DA:23,1
DA:24,1
DA:25,10
DA:30,65
DA:31,1
DA:33,65
DA:44,56
DA:50,4
DA:51,4
DA:52,2
DA:53,0
DA:57,4
DA:58,4
DA:59,4
DA:60,4
DA:61,0
DA:66,4
DA:67,4
DA:68,25
DA:69,2
DA:70,2
DA:71,0
DA:75,4
DA:78,4
DA:79,4
DA:80,55
DA:81,2
DA:82,2
DA:83,0
DA:87,4
DA:90,4
DA:92,4
DA:93,4
DA:98,0
DA:99,0
DA:100,0
DA:101,0
DA:102,0
DA:103,0
DA:105,0
DA:106,0
DA:107,0
DA:108,0
DA:111,0
DA:113,0
DA:114,0
DA:115,0
DA:116,0
DA:119,0
DA:121,0
DA:122,0
DA:123,0
DA:124,0
DA:126,0
DA:127,0
DA:128,0
DA:132,0
DA:134,0
DA:135,0
DA:136,0
DA:137,0
DA:139,0
DA:140,0
DA:141,0
DA:145,0
DA:147,0
DA:148,0
DA:153,4
DA:154,4
DA:155,26
DA:156,4
DA:159,4
DA:161,4
DA:162,4
DA:163,52
DA:164,4
DA:167,4
DA:169,4
DA:170,4
LF:91
LH:53
BRDA:23,0,0,1
BRDA:23,0,1,0
BRDA:30,1,0,1
BRDA:30,1,1,64
BRDA:48,2,0,4
BRDA:52,3,0,0
BRDA:52,3,1,2
BRDA:57,4,0,4
BRDA:57,4,1,0
BRDA:60,5,0,0
BRDA:60,5,1,4
BRDA:68,6,0,2
BRDA:68,6,1,23
BRDA:70,7,0,0
BRDA:70,7,1,2
BRDA:80,8,0,2
BRDA:80,8,1,53
BRDA:82,9,0,0
BRDA:82,9,1,2
BRDA:107,10,0,0
BRDA:107,10,1,0
BRDA:107,11,0,0
BRDA:107,11,1,0
BRDA:115,12,0,0
BRDA:115,12,1,0
BRDA:115,13,0,0
BRDA:115,13,1,0
BRDA:123,14,0,0
BRDA:123,14,1,0
BRDA:127,15,0,0
BRDA:127,15,1,0
BRDA:136,16,0,0
BRDA:136,16,1,0
BRDA:140,17,0,0
BRDA:140,17,1,0
BRDA:155,18,0,4
BRDA:155,18,1,22
BRDA:163,19,0,4
BRDA:163,19,1,48
BRF:39
BRH:17
end_of_record
TN:
SF:src/Managers/GenreManager.ts
FN:38,(anonymous_0)
FN:42,(anonymous_1)
FN:48,(anonymous_2)
FN:59,(anonymous_3)
FN:62,(anonymous_4)
FN:63,(anonymous_5)
FN:73,(anonymous_6)
FN:74,(anonymous_7)
FN:84,(anonymous_8)
FN:85,(anonymous_9)
FN:95,(anonymous_10)
FN:96,(anonymous_11)
FN:115,(anonymous_12)
FN:118,(anonymous_13)
FN:119,(anonymous_14)
FN:126,(anonymous_15)
FN:127,(anonymous_16)
FN:134,(anonymous_17)
FN:135,(anonymous_18)
FN:142,(anonymous_19)
FN:143,(anonymous_20)
FN:164,(anonymous_21)
FN:173,(anonymous_22)
FN:175,(anonymous_23)
FN:186,(anonymous_24)
FN:188,(anonymous_25)
FN:199,(anonymous_26)
FN:201,(anonymous_27)
FN:212,(anonymous_28)
FN:214,(anonymous_29)
FN:232,(anonymous_30)
FNF:31
FNH:31
FNDA:1,(anonymous_0)
FNDA:10,(anonymous_1)
FNDA:194,(anonymous_2)
FNDA:5,(anonymous_3)
FNDA:256,(anonymous_4)
FNDA:252,(anonymous_5)
FNDA:78,(anonymous_6)
FNDA:78,(anonymous_7)
FNDA:58,(anonymous_8)
FNDA:115,(anonymous_9)
FNDA:26,(anonymous_10)
FNDA:49,(anonymous_11)
FNDA:4,(anonymous_12)
FNDA:206,(anonymous_13)
FNDA:206,(anonymous_14)
FNDA:64,(anonymous_15)
FNDA:64,(anonymous_16)
FNDA:48,(anonymous_17)
FNDA:83,(anonymous_18)
FNDA:22,(anonymous_19)
FNDA:36,(anonymous_20)
FNDA:2,(anonymous_21)
FNDA:112,(anonymous_22)
FNDA:112,(anonymous_23)
FNDA:38,(anonymous_24)
FNDA:38,(anonymous_25)
FNDA:30,(anonymous_26)
FNDA:59,(anonymous_27)
FNDA:14,(anonymous_28)
FNDA:27,(anonymous_29)
FNDA:47,(anonymous_30)
DA:1,1
DA:2,1
DA:3,1
DA:4,1
DA:7,1
DA:8,1
DA:9,1
DA:10,1
DA:11,1
DA:26,1
DA:39,1
DA:40,1
DA:41,1
DA:42,10
DA:49,194
DA:50,1
DA:52,194
DA:61,5
DA:62,5
DA:63,256
DA:64,5
DA:65,5
DA:66,2
DA:70,5
DA:72,5
DA:73,5
DA:74,78
DA:75,4
DA:76,4
DA:77,1
DA:81,5
DA:83,5
DA:84,5
DA:85,115
DA:86,4
DA:87,4
DA:88,1
DA:92,5
DA:94,5
DA:95,5
DA:96,49
DA:97,4
DA:98,4
DA:99,1
DA:103,5
DA:105,5
DA:107,5
DA:108,5
DA:117,4
DA:118,4
DA:119,206
DA:120,3
DA:123,4
DA:125,4
DA:126,4
DA:127,64
DA:128,3
DA:131,4
DA:133,4
DA:134,4
DA:135,83
DA:136,2
DA:139,4
DA:141,4
DA:142,4
DA:143,36
DA:144,3
DA:147,4
DA:149,4
DA:150,4
DA:151,4
DA:153,4
DA:166,2
DA:167,2
DA:168,2
DA:169,2
DA:170,2
DA:172,2
DA:173,2
DA:174,112
DA:175,112
DA:176,2
DA:178,110
DA:179,1
DA:183,2
DA:185,2
DA:186,2
DA:187,38
DA:188,38
DA:189,2
DA:191,36
DA:192,1
DA:196,2
DA:198,2
DA:199,2
DA:200,30
DA:201,59
DA:202,2
DA:204,28
DA:205,1
DA:209,2
DA:211,2
DA:212,2
DA:213,14
DA:214,27
DA:215,2
DA:217,12
DA:218,1
DA:222,2
DA:224,2
DA:225,2
DA:226,2
DA:233,47
LF:113
LH:113
BRDA:49,0,0,1
BRDA:49,0,1,193
BRDA:63,1,0,5
BRDA:63,1,1,251
BRDA:65,2,0,2
BRDA:65,2,1,3
BRDA:74,3,0,4
BRDA:74,3,1,74
BRDA:76,4,0,1
BRDA:76,4,1,3
BRDA:85,5,0,4
BRDA:85,5,1,54
BRDA:87,6,0,1
BRDA:87,6,1,3
BRDA:96,7,0,4
BRDA:96,7,1,22
BRDA:98,8,0,1
BRDA:98,8,1,3
BRDA:119,9,0,3
BRDA:119,9,1,203
BRDA:127,10,0,3
BRDA:127,10,1,61
BRDA:135,11,0,2
BRDA:135,11,1,46
BRDA:143,12,0,3
BRDA:143,12,1,19
BRDA:175,13,0,2
BRDA:175,13,1,110
BRDA:178,14,0,1
BRDA:178,14,1,109
BRDA:188,15,0,2
BRDA:188,15,1,36
BRDA:191,16,0,1
BRDA:191,16,1,35
BRDA:201,17,0,2
BRDA:201,17,1,28
BRDA:204,18,0,1
BRDA:204,18,1,27
BRDA:214,19,0,2
BRDA:214,19,1,12
BRDA:217,20,0,1
BRDA:217,20,1,11
BRF:42
BRH:42
end_of_record
TN:
SF:src/Managers/GroupManager.ts
FN:20,(anonymous_0)
FN:25,(anonymous_1)
FN:29,(anonymous_2)
FN:43,(anonymous_3)
FN:47,(anonymous_4)
FN:48,(anonymous_5)
FN:51,(anonymous_6)
FN:56,(anonymous_7)
FN:64,(anonymous_8)
FN:68,(anonymous_9)
FN:76,(anonymous_10)
FN:84,(anonymous_11)
FN:95,(anonymous_12)
FN:104,(anonymous_13)
FN:117,(anonymous_14)
FN:118,(anonymous_15)
FN:125,(anonymous_16)
FN:127,(anonymous_17)
FN:138,(anonymous_18)
FN:139,(anonymous_19)
FNF:20
FNH:12
FNDA:1,(anonymous_0)
FNDA:5,(anonymous_1)
FNDA:45,(anonymous_2)
FNDA:35,(anonymous_3)
FNDA:2,(anonymous_4)
FNDA:2,(anonymous_5)
FNDA:2,(anonymous_6)
FNDA:2,(anonymous_7)
FNDA:2,(anonymous_8)
FNDA:2,(anonymous_9)
FNDA:1,(anonymous_10)
FNDA:0,(anonymous_11)
FNDA:13,(anonymous_12)
FNDA:0,(anonymous_13)
FNDA:0,(anonymous_14)
FNDA:0,(anonymous_15)
FNDA:0,(anonymous_16)
FNDA:0,(anonymous_17)
FNDA:0,(anonymous_18)
FNDA:0,(anonymous_19)
DA:1,1
DA:2,1
DA:3,1
DA:4,1
DA:6,1
DA:7,1
DA:9,1
DA:11,1
DA:12,1
DA:17,1
DA:21,1
DA:22,1
DA:23,1
DA:24,1
DA:25,5
DA:30,45
DA:31,1
DA:33,45
DA:44,35
DA:48,2
DA:49,2
DA:50,2
DA:51,2
DA:52,2
DA:53,2
DA:55,2
DA:56,2
DA:57,2
DA:58,2
DA:60,2
DA:61,2
DA:66,2
DA:67,2
DA:68,2
DA:70,2
DA:71,2
DA:74,2
DA:75,2
DA:76,2
DA:77,1
DA:78,1
DA:82,2
DA:83,2
DA:84,2
DA:85,0
DA:86,0
DA:87,0
DA:88,0
DA:89,0
DA:93,2
DA:95,2
DA:96,13
DA:97,1
DA:100,2
DA:101,2
DA:106,0
DA:107,0
DA:108,0
DA:109,0
DA:110,0
DA:111,0
DA:112,0
DA:114,0
DA:116,0
DA:117,0
DA:118,0
DA:119,0
DA:122,0
DA:124,0
DA:125,0
DA:126,0
DA:127,0
DA:128,0
DA:130,0
DA:131,0
DA:135,0
DA:137,0
DA:138,0
DA:139,0
DA:140,0
DA:142,0
DA:143,0
DA:144,0
DA:148,0
DA:150,0
DA:151,0
LF:86
LH:50
BRDA:23,0,0,1
BRDA:23,0,1,0
BRDA:30,1,0,1
BRDA:30,1,1,44
BRDA:85,2,0,0
BRDA:85,2,1,0
BRDA:88,3,0,0
BRDA:88,3,1,0
BRDA:96,4,0,1
BRDA:96,4,1,12
BRDA:118,5,0,0
BRDA:118,5,1,0
BRDA:118,6,0,0
BRDA:118,6,1,0
BRDA:127,7,0,0
BRDA:127,7,1,0
BRDA:130,8,0,0
BRDA:130,8,1,0
BRDA:139,9,0,0
BRDA:139,9,1,0
BRDA:143,10,0,0
BRDA:143,10,1,0
BRF:22
BRH:5
end_of_record
TN:
SF:src/Managers/Manager.ts
FN:6,(anonymous_0)
FN:15,(anonymous_1)
FN:22,(anonymous_2)
FN:24,(anonymous_3)
FN:35,(anonymous_4)
FN:37,(anonymous_5)
FN:49,(anonymous_6)
FN:50,(anonymous_7)
FN:57,(anonymous_8)
FN:65,(anonymous_9)
FN:67,(anonymous_10)
FNF:11
FNH:9
FNDA:6,(anonymous_0)
FNDA:123,(anonymous_1)
FNDA:4,(anonymous_2)
FNDA:86,(anonymous_3)
FNDA:0,(anonymous_4)
FNDA:0,(anonymous_5)
FNDA:392,(anonymous_6)
FNDA:5912,(anonymous_7)
FNDA:23,(anonymous_8)
FNDA:20,(anonymous_9)
FNDA:524,(anonymous_10)
DA:6,1
DA:10,6
DA:16,123
DA:23,4
DA:24,4
DA:25,86
DA:27,4
DA:36,0
DA:37,0
DA:38,0
DA:39,0
DA:42,0
DA:50,392
DA:51,5912
DA:58,23
DA:59,23
DA:66,20
DA:67,20
DA:68,524
DA:69,19
DA:72,20
LF:21
LH:16
BRDA:38,0,0,0
BRDA:38,0,1,0
BRDA:38,1,0,0
BRDA:38,1,1,0
BRDA:66,2,0,20
BRDA:66,2,1,0
BRDA:68,3,0,19
BRDA:68,3,1,505
BRF:8
BRH:3
end_of_record
TN:
SF:src/Managers/PlaylistManager.ts
FN:29,(anonymous_0)
FN:33,(anonymous_1)
FN:41,(anonymous_2)
FN:50,(anonymous_3)
FN:51,(anonymous_4)
FN:63,(anonymous_5)
FNF:6
FNH:6
FNDA:1,(anonymous_0)
FNDA:2,(anonymous_1)
FNDA:23,(anonymous_2)
FNDA:23,(anonymous_3)
FNDA:47,(anonymous_4)
FNDA:36,(anonymous_5)
DA:1,1
DA:2,1
DA:3,1
DA:4,1
DA:17,1
DA:30,1
DA:31,1
DA:32,1
DA:33,1
DA:34,2
DA:42,23
DA:43,1
DA:45,23
DA:51,23
DA:52,47
DA:53,47
DA:54,47
DA:55,1
DA:58,23
DA:64,36
LF:20
LH:20
BRDA:42,0,0,1
BRDA:42,0,1,22
BRDA:54,1,0,1
BRDA:54,1,1,46
BRF:4
BRH:4
end_of_record
TN:
SF:src/Managers/SongManager.ts
FN:21,(anonymous_0)
FN:26,(anonymous_1)
FN:35,(anonymous_2)
FN:47,(anonymous_3)
FN:51,(anonymous_4)
FN:59,(anonymous_5)
FN:60,(anonymous_6)
FN:74,(anonymous_7)
FN:77,(anonymous_8)
FN:78,(anonymous_9)
FN:88,(anonymous_10)
FN:89,(anonymous_11)
FN:99,(anonymous_12)
FN:100,(anonymous_13)
FN:110,(anonymous_14)
FN:111,(anonymous_15)
FN:125,(anonymous_16)
FN:139,(anonymous_17)
FN:154,(anonymous_18)
FN:155,(anonymous_19)
FN:176,(anonymous_20)
FNF:21
FNH:17
FNDA:1,(anonymous_0)
FNDA:50,(anonymous_1)
FNDA:176,(anonymous_2)
FNDA:6,(anonymous_3)
FNDA:84,(anonymous_4)
FNDA:78,(anonymous_5)
FNDA:78,(anonymous_6)
FNDA:6,(anonymous_7)
FNDA:106,(anonymous_8)
FNDA:316,(anonymous_9)
FNDA:80,(anonymous_10)
FNDA:242,(anonymous_11)
FNDA:83,(anonymous_12)
FNDA:335,(anonymous_13)
FNDA:12,(anonymous_14)
FNDA:12,(anonymous_15)
FNDA:0,(anonymous_16)
FNDA:0,(anonymous_17)
FNDA:0,(anonymous_18)
FNDA:0,(anonymous_19)
FNDA:39,(anonymous_20)
DA:1,1
DA:2,1
DA:3,1
DA:4,1
DA:6,1
DA:7,1
DA:8,1
DA:9,1
DA:10,1
DA:18,1
DA:22,1
DA:23,1
DA:24,1
DA:25,1
DA:26,50
DA:36,176
DA:37,1
DA:39,176
DA:49,6
DA:50,6
DA:51,6
DA:52,84
DA:53,4
DA:56,6
DA:58,6
DA:59,6
DA:60,78
DA:61,6
DA:64,6
DA:66,6
DA:67,6
DA:76,6
DA:77,6
DA:78,316
DA:79,4
DA:80,4
DA:81,4
DA:85,6
DA:87,6
DA:88,6
DA:89,242
DA:90,4
DA:91,4
DA:92,0
DA:96,6
DA:98,6
DA:99,6
DA:100,335
DA:101,5
DA:102,5
DA:103,1
DA:107,6
DA:109,6
DA:110,6
DA:111,12
DA:112,0
DA:113,0
DA:114,0
DA:118,6
DA:119,6
DA:121,6
DA:122,6
DA:127,0
DA:128,0
DA:129,0
DA:130,0
DA:131,0
DA:132,0
DA:133,0
DA:136,0
DA:138,0
DA:139,0
DA:140,0
DA:141,0
DA:143,0
DA:144,0
DA:145,0
DA:149,0
DA:151,0
DA:153,0
DA:154,0
DA:155,0
DA:156,0
DA:158,0
DA:159,0
DA:160,0
DA:164,0
DA:166,0
DA:167,0
DA:168,0
DA:169,0
DA:177,39
LF:92
LH:59
BRDA:24,0,0,1
BRDA:24,0,1,0
BRDA:36,1,0,1
BRDA:36,1,1,175
BRDA:52,2,0,4
BRDA:52,2,1,80
BRDA:60,3,0,6
BRDA:60,3,1,72
BRDA:78,4,0,4
BRDA:78,4,1,102
BRDA:80,5,0,4
BRDA:80,5,1,0
BRDA:89,6,0,4
BRDA:89,6,1,76
BRDA:91,7,0,0
BRDA:91,7,1,4
BRDA:100,8,0,5
BRDA:100,8,1,78
BRDA:102,9,0,1
BRDA:102,9,1,4
BRDA:111,10,0,0
BRDA:111,10,1,12
BRDA:113,11,0,0
BRDA:113,11,1,0
BRDA:140,12,0,0
BRDA:140,12,1,0
BRDA:144,13,0,0
BRDA:144,13,1,0
BRDA:155,14,0,0
BRDA:155,14,1,0
BRDA:159,15,0,0
BRDA:159,15,1,0
BRF:32
BRH:18
end_of_record
